<?xml version="1.0" encoding="UTF-8"?>
<testsuite name="com.tddacademy.zoo.controller.ZooControllerTest" tests="12" skipped="0" failures="0" errors="0" timestamp="2025-07-23T02:49:43" hostname="GXCHLAP00677.local" time="0.166">
  <properties/>
  <testcase name="PUT /api/zoos/{id} should update zoo successfully" classname="com.tddacademy.zoo.controller.ZooControllerTest" time="0.095"/>
  <testcase name="GET /api/zoos should return empty list when no zoos exist" classname="com.tddacademy.zoo.controller.ZooControllerTest" time="0.006"/>
  <testcase name="Should handle malformed JSON in POST request" classname="com.tddacademy.zoo.controller.ZooControllerTest" time="0.008"/>
  <testcase name="DELETE /api/zoos/{id} should return 404 when zoo does not exist" classname="com.tddacademy.zoo.controller.ZooControllerTest" time="0.006"/>
  <testcase name="PUT /api/zoos/{id} should return 404 when zoo does not exist" classname="com.tddacademy.zoo.controller.ZooControllerTest" time="0.004"/>
  <testcase name="GET /api/zoos should return all zoos" classname="com.tddacademy.zoo.controller.ZooControllerTest" time="0.008"/>
  <testcase name="GET /api/zoos/{id} should return 404 when zoo does not exist" classname="com.tddacademy.zoo.controller.ZooControllerTest" time="0.004"/>
  <testcase name="Should handle malformed JSON in PUT request" classname="com.tddacademy.zoo.controller.ZooControllerTest" time="0.004"/>
  <testcase name="DELETE /api/zoos/{id} should delete zoo successfully" classname="com.tddacademy.zoo.controller.ZooControllerTest" time="0.004"/>
  <testcase name="POST /api/zoos should create zoo successfully" classname="com.tddacademy.zoo.controller.ZooControllerTest" time="0.004"/>
  <testcase name="GET /api/zoos/{id} should return zoo when it exists" classname="com.tddacademy.zoo.controller.ZooControllerTest" time="0.004"/>
  <testcase name="Should return proper content type for all responses" classname="com.tddacademy.zoo.controller.ZooControllerTest" time="0.008"/>
  <system-out><![CDATA[10:49:42.722 [Test worker] INFO org.springframework.test.context.support.AnnotationConfigContextLoaderUtils -- Could not detect default configuration classes for test class [com.tddacademy.zoo.controller.ZooControllerTest]: ZooControllerTest does not declare any static, non-private, non-final, nested classes annotated with @Configuration.
10:49:42.777 [Test worker] INFO org.springframework.boot.test.context.SpringBootTestContextBootstrapper -- Found @SpringBootConfiguration com.tddacademy.zoo.ZooApplication for test class com.tddacademy.zoo.controller.ZooControllerTest

  .   ____          _            __ _ _
 /\\ / ___'_ __ _ _(_)_ __  __ _ \ \ \ \
( ( )\___ | '_ | '_| | '_ \/ _` | \ \ \ \
 \\/  ___)| |_)| | | | | || (_| |  ) ) ) )
  '  |____| .__|_| |_|_| |_\__, | / / / /
 =========|_|==============|___/=/_/_/_/

 :: Spring Boot ::                (v3.5.3)

2025-07-23T10:49:42.924+08:00  INFO 66164 --- [zoo-simulator-lab2] [    Test worker] c.t.zoo.controller.ZooControllerTest     : Starting ZooControllerTest using Java 22.0.2 with PID 66164 (started by warrendenzel.cheng in /Users/warrendenzel.cheng/Desktop/Trainings/TDD-Academy-projects/cloudschool-tdd-academy/lab2)
2025-07-23T10:49:42.925+08:00 DEBUG 66164 --- [zoo-simulator-lab2] [    Test worker] c.t.zoo.controller.ZooControllerTest     : Running with Spring Boot v3.5.3, Spring v6.2.8
2025-07-23T10:49:42.925+08:00  INFO 66164 --- [zoo-simulator-lab2] [    Test worker] c.t.zoo.controller.ZooControllerTest     : No active profile set, falling back to 1 default profile: "default"
2025-07-23T10:49:42.930+08:00 DEBUG 66164 --- [zoo-simulator-lab2] [    Test worker] o.s.w.c.s.GenericWebApplicationContext   : Refreshing org.springframework.web.context.support.GenericWebApplicationContext@4a68135e
2025-07-23T10:49:43.593+08:00 DEBUG 66164 --- [zoo-simulator-lab2] [    Test worker] s.w.s.m.m.a.RequestMappingHandlerMapping : 7 mappings in 'requestMappingHandlerMapping'
2025-07-23T10:49:43.625+08:00 DEBUG 66164 --- [zoo-simulator-lab2] [    Test worker] o.s.w.s.handler.SimpleUrlHandlerMapping  : Patterns [/webjars/**, /**] in 'resourceHandlerMapping'
2025-07-23T10:49:43.668+08:00 DEBUG 66164 --- [zoo-simulator-lab2] [    Test worker] s.w.s.m.m.a.RequestMappingHandlerAdapter : ControllerAdvice beans: 0 @ModelAttribute, 0 @InitBinder, 1 RequestBodyAdvice, 1 ResponseBodyAdvice
2025-07-23T10:49:43.689+08:00 DEBUG 66164 --- [zoo-simulator-lab2] [    Test worker] .m.m.a.ExceptionHandlerExceptionResolver : ControllerAdvice beans: 0 @ExceptionHandler, 1 ResponseBodyAdvice
2025-07-23T10:49:43.703+08:00  INFO 66164 --- [zoo-simulator-lab2] [    Test worker] o.s.b.t.m.w.SpringBootMockServletContext : Initializing Spring TestDispatcherServlet ''
2025-07-23T10:49:43.703+08:00  INFO 66164 --- [zoo-simulator-lab2] [    Test worker] o.s.t.web.servlet.TestDispatcherServlet  : Initializing Servlet ''
2025-07-23T10:49:43.704+08:00  INFO 66164 --- [zoo-simulator-lab2] [    Test worker] o.s.t.web.servlet.TestDispatcherServlet  : Completed initialization in 1 ms
2025-07-23T10:49:43.743+08:00  INFO 66164 --- [zoo-simulator-lab2] [    Test worker] c.t.zoo.controller.ZooControllerTest     : Started ZooControllerTest in 0.944 seconds (process running for 1.352)
2025-07-23T10:49:43.787+08:00 DEBUG 66164 --- [zoo-simulator-lab2] [    Test worker] s.w.s.m.m.a.RequestMappingHandlerMapping : Mapped to com.tddacademy.zoo.controller.ZooController#updateZoo(Long, Zoo)
2025-07-23T10:49:43.815+08:00 DEBUG 66164 --- [zoo-simulator-lab2] [    Test worker] m.m.a.RequestResponseBodyMethodProcessor : Read "application/json;charset=UTF-8" to [Zoo[id=null, name=Manila Zoo, location=Manila, Philippines, description=A beautiful zoo in the heart (truncated)...]
2025-07-23T10:49:43.821+08:00 DEBUG 66164 --- [zoo-simulator-lab2] [    Test worker] o.s.w.s.m.m.a.HttpEntityMethodProcessor  : Using 'application/json', given [*/*] and supported [application/json, application/*+json]
2025-07-23T10:49:43.821+08:00 DEBUG 66164 --- [zoo-simulator-lab2] [    Test worker] o.s.w.s.m.m.a.HttpEntityMethodProcessor  : Writing [Zoo[id=1, name=Updated Zoo Name, location=Updated Location, description=Updated description, enclosu (truncated)...]
2025-07-23T10:49:43.845+08:00 DEBUG 66164 --- [zoo-simulator-lab2] [    Test worker] s.w.s.m.m.a.RequestMappingHandlerMapping : Mapped to com.tddacademy.zoo.controller.ZooController#getAllZoos()
2025-07-23T10:49:43.847+08:00 DEBUG 66164 --- [zoo-simulator-lab2] [    Test worker] o.s.w.s.m.m.a.HttpEntityMethodProcessor  : Using 'application/json', given [*/*] and supported [application/json, application/*+json]
2025-07-23T10:49:43.847+08:00 DEBUG 66164 --- [zoo-simulator-lab2] [    Test worker] o.s.w.s.m.m.a.HttpEntityMethodProcessor  : Writing [[]]
2025-07-23T10:49:43.852+08:00 DEBUG 66164 --- [zoo-simulator-lab2] [    Test worker] s.w.s.m.m.a.RequestMappingHandlerMapping : Mapped to com.tddacademy.zoo.controller.ZooController#createZoo(Zoo)
2025-07-23T10:49:43.854+08:00 DEBUG 66164 --- [zoo-simulator-lab2] [    Test worker] o.s.web.method.HandlerMethod             : Could not resolve parameter [0] in public org.springframework.http.ResponseEntity<com.tddacademy.zoo.model.Zoo> com.tddacademy.zoo.controller.ZooController.createZoo(com.tddacademy.zoo.model.Zoo): JSON parse error: Unexpected character ('i' (code 105)): was expecting double-quote to start field name
2025-07-23T10:49:43.857+08:00  WARN 66164 --- [zoo-simulator-lab2] [    Test worker] .w.s.m.s.DefaultHandlerExceptionResolver : Resolved [org.springframework.http.converter.HttpMessageNotReadableException: JSON parse error: Unexpected character ('i' (code 105)): was expecting double-quote to start field name]
2025-07-23T10:49:43.862+08:00 DEBUG 66164 --- [zoo-simulator-lab2] [    Test worker] s.w.s.m.m.a.RequestMappingHandlerMapping : Mapped to com.tddacademy.zoo.controller.ZooController#deleteZoo(Long)
2025-07-23T10:49:43.864+08:00 DEBUG 66164 --- [zoo-simulator-lab2] [    Test worker] o.s.w.s.m.m.a.HttpEntityMethodProcessor  : Using 'application/json', given [*/*] and supported [application/json, application/*+json]
2025-07-23T10:49:43.864+08:00 DEBUG 66164 --- [zoo-simulator-lab2] [    Test worker] o.s.w.s.m.m.a.HttpEntityMethodProcessor  : Nothing to write: null body
2025-07-23T10:49:43.867+08:00 DEBUG 66164 --- [zoo-simulator-lab2] [    Test worker] s.w.s.m.m.a.RequestMappingHandlerMapping : Mapped to com.tddacademy.zoo.controller.ZooController#updateZoo(Long, Zoo)
2025-07-23T10:49:43.868+08:00 DEBUG 66164 --- [zoo-simulator-lab2] [    Test worker] m.m.a.RequestResponseBodyMethodProcessor : Read "application/json;charset=UTF-8" to [Zoo[id=null, name=Manila Zoo, location=Manila, Philippines, description=A beautiful zoo in the heart (truncated)...]
2025-07-23T10:49:43.869+08:00 DEBUG 66164 --- [zoo-simulator-lab2] [    Test worker] o.s.w.s.m.m.a.HttpEntityMethodProcessor  : Using 'application/json', given [*/*] and supported [application/json, application/*+json]
2025-07-23T10:49:43.869+08:00 DEBUG 66164 --- [zoo-simulator-lab2] [    Test worker] o.s.w.s.m.m.a.HttpEntityMethodProcessor  : Nothing to write: null body
2025-07-23T10:49:43.872+08:00 DEBUG 66164 --- [zoo-simulator-lab2] [    Test worker] s.w.s.m.m.a.RequestMappingHandlerMapping : Mapped to com.tddacademy.zoo.controller.ZooController#getAllZoos()
2025-07-23T10:49:43.877+08:00 DEBUG 66164 --- [zoo-simulator-lab2] [    Test worker] o.s.w.s.m.m.a.HttpEntityMethodProcessor  : Using 'application/json', given [*/*] and supported [application/json, application/*+json]
2025-07-23T10:49:43.878+08:00 DEBUG 66164 --- [zoo-simulator-lab2] [    Test worker] o.s.w.s.m.m.a.HttpEntityMethodProcessor  : Writing [[Zoo[id=1, name=Manila Zoo, location=Manila, Philippines, description=A beautiful zoo in the heart o (truncated)...]
2025-07-23T10:49:43.881+08:00 DEBUG 66164 --- [zoo-simulator-lab2] [    Test worker] s.w.s.m.m.a.RequestMappingHandlerMapping : Mapped to com.tddacademy.zoo.controller.ZooController#getZooById(Long)
2025-07-23T10:49:43.883+08:00 DEBUG 66164 --- [zoo-simulator-lab2] [    Test worker] o.s.w.s.m.m.a.HttpEntityMethodProcessor  : Using 'application/json', given [*/*] and supported [application/json, application/*+json]
2025-07-23T10:49:43.884+08:00 DEBUG 66164 --- [zoo-simulator-lab2] [    Test worker] o.s.w.s.m.m.a.HttpEntityMethodProcessor  : Nothing to write: null body
2025-07-23T10:49:43.887+08:00 DEBUG 66164 --- [zoo-simulator-lab2] [    Test worker] s.w.s.m.m.a.RequestMappingHandlerMapping : Mapped to com.tddacademy.zoo.controller.ZooController#updateZoo(Long, Zoo)
2025-07-23T10:49:43.888+08:00 DEBUG 66164 --- [zoo-simulator-lab2] [    Test worker] o.s.web.method.HandlerMethod             : Could not resolve parameter [1] in public org.springframework.http.ResponseEntity<com.tddacademy.zoo.model.Zoo> com.tddacademy.zoo.controller.ZooController.updateZoo(java.lang.Long,com.tddacademy.zoo.model.Zoo): JSON parse error: Unexpected character ('i' (code 105)): was expecting double-quote to start field name
2025-07-23T10:49:43.888+08:00  WARN 66164 --- [zoo-simulator-lab2] [    Test worker] .w.s.m.s.DefaultHandlerExceptionResolver : Resolved [org.springframework.http.converter.HttpMessageNotReadableException: JSON parse error: Unexpected character ('i' (code 105)): was expecting double-quote to start field name]
2025-07-23T10:49:43.892+08:00 DEBUG 66164 --- [zoo-simulator-lab2] [    Test worker] s.w.s.m.m.a.RequestMappingHandlerMapping : Mapped to com.tddacademy.zoo.controller.ZooController#deleteZoo(Long)
2025-07-23T10:49:43.892+08:00 DEBUG 66164 --- [zoo-simulator-lab2] [    Test worker] o.s.w.s.m.m.a.HttpEntityMethodProcessor  : Using 'application/json', given [*/*] and supported [application/json, application/*+json]
2025-07-23T10:49:43.893+08:00 DEBUG 66164 --- [zoo-simulator-lab2] [    Test worker] o.s.w.s.m.m.a.HttpEntityMethodProcessor  : Nothing to write: null body
2025-07-23T10:49:43.896+08:00 DEBUG 66164 --- [zoo-simulator-lab2] [    Test worker] s.w.s.m.m.a.RequestMappingHandlerMapping : Mapped to com.tddacademy.zoo.controller.ZooController#createZoo(Zoo)
2025-07-23T10:49:43.897+08:00 DEBUG 66164 --- [zoo-simulator-lab2] [    Test worker] m.m.a.RequestResponseBodyMethodProcessor : Read "application/json;charset=UTF-8" to [Zoo[id=null, name=Manila Zoo, location=Manila, Philippines, description=A beautiful zoo in the heart (truncated)...]
2025-07-23T10:49:43.898+08:00 DEBUG 66164 --- [zoo-simulator-lab2] [    Test worker] o.s.w.s.m.m.a.HttpEntityMethodProcessor  : Using 'application/json', given [*/*] and supported [application/json, application/*+json]
2025-07-23T10:49:43.898+08:00 DEBUG 66164 --- [zoo-simulator-lab2] [    Test worker] o.s.w.s.m.m.a.HttpEntityMethodProcessor  : Writing [Zoo[id=1, name=Manila Zoo, location=Manila, Philippines, description=A beautiful zoo in the heart of (truncated)...]
2025-07-23T10:49:43.901+08:00 DEBUG 66164 --- [zoo-simulator-lab2] [    Test worker] s.w.s.m.m.a.RequestMappingHandlerMapping : Mapped to com.tddacademy.zoo.controller.ZooController#getZooById(Long)
2025-07-23T10:49:43.902+08:00 DEBUG 66164 --- [zoo-simulator-lab2] [    Test worker] o.s.w.s.m.m.a.HttpEntityMethodProcessor  : Using 'application/json', given [*/*] and supported [application/json, application/*+json]
2025-07-23T10:49:43.903+08:00 DEBUG 66164 --- [zoo-simulator-lab2] [    Test worker] o.s.w.s.m.m.a.HttpEntityMethodProcessor  : Writing [Zoo[id=1, name=Manila Zoo, location=Manila, Philippines, description=A beautiful zoo in the heart of (truncated)...]
2025-07-23T10:49:43.907+08:00 DEBUG 66164 --- [zoo-simulator-lab2] [    Test worker] s.w.s.m.m.a.RequestMappingHandlerMapping : Mapped to com.tddacademy.zoo.controller.ZooController#getAllZoos()
2025-07-23T10:49:43.908+08:00 DEBUG 66164 --- [zoo-simulator-lab2] [    Test worker] o.s.w.s.m.m.a.HttpEntityMethodProcessor  : Using 'application/json', given [*/*] and supported [application/json, application/*+json]
2025-07-23T10:49:43.908+08:00 DEBUG 66164 --- [zoo-simulator-lab2] [    Test worker] o.s.w.s.m.m.a.HttpEntityMethodProcessor  : Writing [[Zoo[id=1, name=Manila Zoo, location=Manila, Philippines, description=A beautiful zoo in the heart o (truncated)...]
2025-07-23T10:49:43.909+08:00 DEBUG 66164 --- [zoo-simulator-lab2] [    Test worker] s.w.s.m.m.a.RequestMappingHandlerMapping : Mapped to com.tddacademy.zoo.controller.ZooController#getZooById(Long)
2025-07-23T10:49:43.909+08:00 DEBUG 66164 --- [zoo-simulator-lab2] [    Test worker] o.s.w.s.m.m.a.HttpEntityMethodProcessor  : Using 'application/json', given [*/*] and supported [application/json, application/*+json]
2025-07-23T10:49:43.909+08:00 DEBUG 66164 --- [zoo-simulator-lab2] [    Test worker] o.s.w.s.m.m.a.HttpEntityMethodProcessor  : Writing [Zoo[id=1, name=Manila Zoo, location=Manila, Philippines, description=A beautiful zoo in the heart of (truncated)...]
2025-07-23T10:49:43.910+08:00 DEBUG 66164 --- [zoo-simulator-lab2] [    Test worker] s.w.s.m.m.a.RequestMappingHandlerMapping : Mapped to com.tddacademy.zoo.controller.ZooController#createZoo(Zoo)
2025-07-23T10:49:43.910+08:00 DEBUG 66164 --- [zoo-simulator-lab2] [    Test worker] m.m.a.RequestResponseBodyMethodProcessor : Read "application/json;charset=UTF-8" to [Zoo[id=null, name=Manila Zoo, location=Manila, Philippines, description=A beautiful zoo in the heart (truncated)...]
2025-07-23T10:49:43.911+08:00 DEBUG 66164 --- [zoo-simulator-lab2] [    Test worker] o.s.w.s.m.m.a.HttpEntityMethodProcessor  : Using 'application/json', given [*/*] and supported [application/json, application/*+json]
2025-07-23T10:49:43.911+08:00 DEBUG 66164 --- [zoo-simulator-lab2] [    Test worker] o.s.w.s.m.m.a.HttpEntityMethodProcessor  : Writing [Zoo[id=1, name=Manila Zoo, location=Manila, Philippines, description=A beautiful zoo in the heart of (truncated)...]
2025-07-23T10:49:43.911+08:00 DEBUG 66164 --- [zoo-simulator-lab2] [    Test worker] s.w.s.m.m.a.RequestMappingHandlerMapping : Mapped to com.tddacademy.zoo.controller.ZooController#updateZoo(Long, Zoo)
2025-07-23T10:49:43.912+08:00 DEBUG 66164 --- [zoo-simulator-lab2] [    Test worker] m.m.a.RequestResponseBodyMethodProcessor : Read "application/json;charset=UTF-8" to [Zoo[id=null, name=Manila Zoo, location=Manila, Philippines, description=A beautiful zoo in the heart (truncated)...]
2025-07-23T10:49:43.912+08:00 DEBUG 66164 --- [zoo-simulator-lab2] [    Test worker] o.s.w.s.m.m.a.HttpEntityMethodProcessor  : Using 'application/json', given [*/*] and supported [application/json, application/*+json]
2025-07-23T10:49:43.912+08:00 DEBUG 66164 --- [zoo-simulator-lab2] [    Test worker] o.s.w.s.m.m.a.HttpEntityMethodProcessor  : Writing [Zoo[id=1, name=Manila Zoo, location=Manila, Philippines, description=A beautiful zoo in the heart of (truncated)...]
2025-07-23T10:49:43.912+08:00 DEBUG 66164 --- [zoo-simulator-lab2] [    Test worker] s.w.s.m.m.a.RequestMappingHandlerMapping : Mapped to com.tddacademy.zoo.controller.ZooController#deleteZoo(Long)
2025-07-23T10:49:43.913+08:00 DEBUG 66164 --- [zoo-simulator-lab2] [    Test worker] o.s.w.s.m.m.a.HttpEntityMethodProcessor  : Using 'application/json', given [*/*] and supported [application/json, application/*+json]
2025-07-23T10:49:43.913+08:00 DEBUG 66164 --- [zoo-simulator-lab2] [    Test worker] o.s.w.s.m.m.a.HttpEntityMethodProcessor  : Nothing to write: null body
]]></system-out>
  <system-err><![CDATA[Mockito is currently self-attaching to enable the inline-mock-maker. This will no longer work in future releases of the JDK. Please add Mockito as an agent to your build as described in Mockito's documentation: https://javadoc.io/doc/org.mockito/mockito-core/latest/org.mockito/org/mockito/Mockito.html#0.3
WARNING: A Java agent has been loaded dynamically (/Users/warrendenzel.cheng/.gradle/caches/modules-2/files-2.1/net.bytebuddy/byte-buddy-agent/1.17.6/17b32fd9f57deef02842f7f05abc4ad8127fe34e/byte-buddy-agent-1.17.6.jar)
WARNING: If a serviceability tool is in use, please run with -XX:+EnableDynamicAgentLoading to hide this warning
WARNING: If a serviceability tool is not in use, please run with -Djdk.instrument.traceUsage for more information
WARNING: Dynamic loading of agents will be disallowed by default in a future release
]]></system-err>
</testsuite>
