<?xml version="1.0" encoding="UTF-8"?>
<testsuite name="com.tddacademy.zoo.controller.ZooControllerTest" tests="3" skipped="0" failures="0" errors="0" timestamp="2025-07-21T09:24:42.315Z" hostname="GXCHLAP00677.local" time="0.058">
  <properties/>
  <testcase name="GET /api/zoos should return all zoos" classname="com.tddacademy.zoo.controller.ZooControllerTest" time="0.05"/>
  <testcase name="GET /api/zoos/{id} should return 404 when zoo does not exist" classname="com.tddacademy.zoo.controller.ZooControllerTest" time="0.005"/>
  <testcase name="GET /api/zoos/{id} should return zoo when it exists" classname="com.tddacademy.zoo.controller.ZooControllerTest" time="0.002"/>
  <system-out><![CDATA[2025-07-21T17:24:42.203+08:00  INFO 49991 --- [zoo-simulator-lab1.5] [    Test worker] t.c.s.AnnotationConfigContextLoaderUtils : Could not detect default configuration classes for test class [com.tddacademy.zoo.controller.ZooControllerTest]: ZooControllerTest does not declare any static, non-private, non-final, nested classes annotated with @Configuration.
2025-07-21T17:24:42.209+08:00  INFO 49991 --- [zoo-simulator-lab1.5] [    Test worker] .b.t.c.SpringBootTestContextBootstrapper : Found @SpringBootConfiguration com.tddacademy.zoo.ZooApplication for test class com.tddacademy.zoo.controller.ZooControllerTest

  .   ____          _            __ _ _
 /\\ / ___'_ __ _ _(_)_ __  __ _ \ \ \ \
( ( )\___ | '_ | '_| | '_ \/ _` | \ \ \ \
 \\/  ___)| |_)| | | | | || (_| |  ) ) ) )
  '  |____| .__|_| |_|_| |_\__, | / / / /
 =========|_|==============|___/=/_/_/_/

 :: Spring Boot ::                (v3.5.3)

2025-07-21T17:24:42.219+08:00  INFO 49991 --- [zoo-simulator-lab1.5] [    Test worker] c.t.zoo.controller.ZooControllerTest     : Starting ZooControllerTest using Java 24.0.1 with PID 49991 (started by warrendenzel.cheng in /Users/warrendenzel.cheng/Desktop/Trainings/TDD-Academy-projects/cloudschool-tdd-academy/lab1.5)
2025-07-21T17:24:42.219+08:00  INFO 49991 --- [zoo-simulator-lab1.5] [    Test worker] c.t.zoo.controller.ZooControllerTest     : No active profile set, falling back to 1 default profile: "default"
2025-07-21T17:24:42.309+08:00  INFO 49991 --- [zoo-simulator-lab1.5] [    Test worker] o.s.b.t.m.w.SpringBootMockServletContext : Initializing Spring TestDispatcherServlet ''
2025-07-21T17:24:42.309+08:00  INFO 49991 --- [zoo-simulator-lab1.5] [    Test worker] o.s.t.web.servlet.TestDispatcherServlet  : Initializing Servlet ''
2025-07-21T17:24:42.310+08:00  INFO 49991 --- [zoo-simulator-lab1.5] [    Test worker] o.s.t.web.servlet.TestDispatcherServlet  : Completed initialization in 0 ms
2025-07-21T17:24:42.314+08:00  INFO 49991 --- [zoo-simulator-lab1.5] [    Test worker] c.t.zoo.controller.ZooControllerTest     : Started ZooControllerTest in 0.103 seconds (process running for 1.273)
]]></system-out>
  <system-err><![CDATA[]]></system-err>
</testsuite>
